<?xml version="1.0" encoding="UTF-8"?>
<!-- Generated by org.testng.reporters.JUnitReportReporter -->
<testsuite hostname="mindq-PC" name="com.ranfordbank.master.Ng" tests="6" failures="0" timestamp="25 May 2017 01:45:35 GMT" time="37.377" errors="0">
  <testcase name="employeeCreation" time="9.728" classname="com.ranfordbank.master.Ng"/>
  <testcase name="login" time="1.157" classname="com.ranfordbank.master.Ng"/>
  <testcase name="openapp" time="9.179" classname="com.ranfordbank.master.Ng"/>
  <testcase name="roleCreation" time="17.048" classname="com.ranfordbank.master.Ng"/>
  <testcase name="closeDriver" time="0.015" classname="com.ranfordbank.master.Ng"/>
  <testcase name="logOut" time="0.250" classname="com.ranfordbank.master.Ng"/>
</testsuite> <!-- com.ranfordbank.master.Ng -->
