<?xml version="1.0" encoding="UTF-8"?>
<!-- Generated by org.testng.reporters.JUnitReportReporter -->
<testsuite hostname="mindq-PC" name="com.ranfordbank.master.Pom" tests="1" failures="0" timestamp="1 Jun 2017 01:41:40 GMT" time="10.043" errors="0">
  <testcase name="lgn" time="10.043" classname="com.ranfordbank.master.Pom"/>
</testsuite> <!-- com.ranfordbank.master.Pom -->
