<?xml version="1.0" encoding="UTF-8"?>
<!-- Generated by org.testng.reporters.JUnitReportReporter -->
<testsuite hostname="mindq-PC" name="com.ranfordbank.master.Employeeng" tests="3" failures="0" timestamp="30 May 2017 02:30:52 GMT" time="28.393" errors="0">
  <testcase name="Emp" time="9.454" classname="com.ranfordbank.master.Employeeng"/>
  <testcase name="Emp" time="9.484" classname="com.ranfordbank.master.Employeeng"/>
  <testcase name="Emp" time="9.455" classname="com.ranfordbank.master.Employeeng"/>
</testsuite> <!-- com.ranfordbank.master.Employeeng -->
