<?xml version="1.0" encoding="UTF-8"?>
<!-- Generated by org.testng.reporters.JUnitReportReporter -->
<testsuite hostname="mindq-PC" name="com.ranfordbank.master.Roleng" tests="2" failures="0" timestamp="30 May 2017 02:30:52 GMT" time="34.117" errors="0">
  <testcase name="Role" time="17.083" classname="com.ranfordbank.master.Roleng"/>
  <testcase name="Role" time="17.034" classname="com.ranfordbank.master.Roleng"/>
</testsuite> <!-- com.ranfordbank.master.Roleng -->
